167
 10.000000  0.000000  0.000000
  9.596599  2.811635  0.000000
  9.579746  1.406027  2.500313
  9.569468  1.425432 -2.528523
  8.751597  4.197703 -2.406000
  8.309515  5.563348  0.033577
  9.561476 -1.375339  2.585850
  8.750223  4.132816  2.520600
  9.522871 -1.714532 -2.524938
  9.549025 -2.967207  0.108664
  8.704331 -0.101521 -4.921821
  8.289792  2.782685 -4.851393
  7.096500  6.662410 -2.291722
  8.680629  0.035012  4.964419
  6.354938  7.715632  0.289462
  8.185751 -3.061446 -4.860146
  7.401588  5.151186 -4.322241
  8.291401 -2.828948  4.821796
  7.390135  6.304099  2.375759
  8.878083 -3.867685  2.494126
  8.480947  2.641801  4.592866
  8.522779 -4.663160 -2.370058
  7.306190 -1.265448 -6.709562
  7.016319 -1.236683  7.017256
  7.029441  1.365518 -6.980137
  4.797884  8.490197 -2.212885
  6.389409 -4.321228  6.364153
  6.707942 -5.730558 -4.707889
  3.910983  9.166816  0.820786
  7.375778 -5.606148  3.764174
  6.949877  5.052511  5.115794
  5.456412  6.871503 -4.796875
  8.118514 -5.788008  0.767263
  6.109283 -3.522922 -7.089830
  6.288019  4.355196 -6.441513
  5.397695  7.770753  3.237328
  7.069367  1.939281  6.801709
  5.306963 -0.598622 -8.454454
  4.827040 -2.578959  8.369507
  6.562812 -7.338453 -1.754025
  2.085568  9.630022 -1.706777
  1.142124  9.825817  1.465905
  4.385034 -5.834714 -6.835758
  4.470202  2.655887 -8.541871
  2.766545  8.812856  3.831422
  3.985884 -5.425779  7.394164
  2.755808  8.369989 -4.727453
  5.073170 -7.037059  4.974209
  4.969356  0.574848  8.658814
 -0.441015  9.962097 -0.749748
  5.956858 -7.821837  1.826119
  3.491922 -2.984052 -8.882675
  4.066695  6.811293  6.088372
  4.789091  3.864229  7.882407
  2.540691 -3.691251  8.939774
  4.454142 -7.932944 -4.150785
  3.616970  5.975538 -7.156149
 -1.743293  9.679299  1.808896
  2.516872  0.318789 -9.672835
  2.354954 -7.556447 -6.111817
  1.460954 -5.639616  8.127752
 -0.198697  8.999861  4.354655
  1.372776 -5.384407 -8.314063
  3.621613 -9.268575 -0.988651
  2.067817 -7.662328  6.083819
  2.357623 -1.071077  9.658903
 -0.599526  9.231630 -3.797049
 -2.994147  9.483169 -1.050990
  1.456671  7.697963  6.214457
  2.749035 -9.146554  2.963673
 -0.375651 -3.532027  9.347923
  1.499784  4.122581 -8.986377
  0.652815  7.163826 -6.946469
  0.362561 -2.299472 -9.725275
  1.334627 -9.186365 -3.718801
 -4.344900  8.853273  1.655719
 -0.838143  1.261641 -9.884623
 -3.057324  8.338280  4.596288
 -0.514733 -7.571934 -6.511595
 -0.897418 -6.770681  7.304281
  2.347598  2.197644  9.468851
  1.877246  5.482518  8.149720
 -5.609625  8.216573 -1.009964
 -1.935803 -9.031946 -3.831007
 -0.521567 -8.958345  4.413164
 -1.684721 -4.827369 -8.594081
 -0.560769  0.112457  9.983631
 -0.304883 -9.994869  0.098140
 -3.256701 -4.879739  8.098274
 -4.009185  8.408022 -3.637526
 -2.119203  5.060787 -8.360467
 -2.271136  7.701113 -5.961107
 -1.339859  6.783374  7.224307
 -6.589995  7.367469  1.514054
 -0.802119  3.668156  9.268292
 -3.417931 -6.779493 -6.508166
 -2.782061 -1.521987 -9.483865
 -5.785863  7.073303  4.061055
 -3.358125 -7.455781  5.756242
 -3.214572 -1.761095  9.304035
 -3.876098  1.863051 -9.028007
 -4.772409 -7.820122 -4.008715
 -3.678431 -9.261646 -0.831295
 -5.435042 -5.445309  6.388187
 -6.730467  6.655492 -3.225716
 -3.423713 -9.013739  2.651547
 -4.583617 -3.898406 -7.987045
 -7.941339  6.067095 -0.354245
 -4.588119  6.063078  6.495248
 -5.460707 -0.849924 -8.334165
 -5.926554 -6.950489  4.070215
 -3.354518  1.585542  9.286187
 -5.066665  4.219776 -7.518138
 -6.072884 -5.455617 -5.775493
 -7.936194  5.417880  2.768285
 -4.833557  6.523589 -5.837766
 -5.759729 -2.886507  7.648111
 -7.702874 -3.829395  5.099164
 -6.058516 -7.830563 -1.405940
 -7.252165  4.508641 -5.203677
 -6.918366  4.894105  5.308855
 -9.263872  3.653673  0.911783
 -8.804870  4.110714 -2.361418
 -6.021432 -7.888610  1.229713
 -6.657877  2.053380 -7.173305
 -3.391881  4.376374  8.327214
 -7.198621 -6.101755 -3.308844
 -6.105470  2.826733  7.398163
 -5.464334 -0.103394  8.374387
 -8.615277  2.500521  4.418643
 -7.931804 -5.642014  2.292198
 -8.138354 -3.812307 -4.385602
 -6.966416 -2.826352 -6.593996
 -8.619828 -1.442344 -4.859857
 -7.625259 -0.375538  6.458668
 -7.850129 -6.181579 -0.404416
 -7.632742 -0.210725 -6.457310
 -8.701847 -4.452726 -2.109762
 -9.745376  1.152526  1.923363
 -9.585783 -1.728278 -2.264028
 -9.863313  1.289179 -1.026193
 -8.914814  1.406173 -4.306829
 -9.101438 -3.204247  2.626144
 -9.178529 -0.820764  3.883421
 -9.222563 -3.860836  0.195650
 -9.886199 -1.241609  0.849400
  0.273189 -0.205397  0.171428
  5.151470  4.575709  0.467650
  6.888856  0.222703 -2.465146
  3.447700  3.783172 -3.856838
  4.816346  1.150266  4.559741
  4.570201 -3.697525  3.159674
  6.769628 -0.639398  1.445893
  1.159945  5.389380  2.733140
  0.803887 -6.046186 -0.912760
  4.396100 -2.866613 -3.738444
  0.376665 -1.400846 -6.061460
  0.477704 -0.634495  6.543556
 -3.909508  5.006203  1.283514
  0.692142 -4.641943  5.016077
 -3.347665  4.300862 -3.739368
 -4.801936 -0.607434 -4.997674
 -3.519304 -4.619815 -3.768714
 -4.253335 -3.207145  3.956149
 -5.272912 -4.678284 -0.048958
 -3.720953  1.536220  5.210640
 -6.629140 -0.420433 -0.385107
462
   1        106      160       99      164
   1        164      147      166      167
   1        153       22      149      156
   1         69       62       93      154
   1         70      160      155      152
   1         79      155      163      157
   1         40       56       28      156
   1        160       48      152       70
   1         40       51       64      155
   1        148       36      154       29
   1        135      144      166      130
   1        125      161      162      142
   1        153        7       10       20
   1          5       12      150      149
   1        151      154      158      147
   1        161       73      150       67
   1        140      132      138      167
   1         18      152       24       27
   1         67      159      161       68
   1        155       60       56      156
   1         11       23       25      149
   1        160       39      152       46
   1        157      107      162      163
   1         84       96      163      102
   1        128      129      112      166
   1        152       39       24       27
   1        155      147      152      160
   1         50       58       42      154
   1         63       74      157       86
   1        164       89      104      117
   1        163       84      103      155
   1         79      155      157       60
   1         46      160       55       61
   1        150       26       32       13
   1        150       41      154       67
   1        103       84      163      102
   1         18      151       24      152
   1        118      164      104      117
   1        155       56       75       64
   1        161       83      105       90
   1        150       67       73       47
   1        147      149      150      156
   1        155      165      103      163
   1         15       19        6      148
   1         98      121      159      115
   1        129      117      166      135
   1        159       50       67      154
   1         26       15      148       29
   1        155       84       79      163
   1         43      157      156       60
   1        111      165      106      164
   1         33      153       20      152
   1        162      107      133      163
   1         73      150       57       72
   1          7      153       10        1
   1         12      150       35       17
   1        149       10      153        1
   1         70      155       51      152
   1         44      150       35       25
   1         63      157       60       79
   1        155       60      156      157
   1        155       56       40      156
   1        148       41       29      154
   1        157      107      163       86
   1        167      122      141      123
   1        152      156      147      155
   1        103      155       84       88
   1         63      157       79       86
   1        105      159       83      161
   1         63       52      157       74
   1        139      146      167      141
   1        151       81      158      154
   1         15       26      148       13
   1        159       93       78      154
   1        157      147      162      161
   1        160       48       70       65
   1        163       86      107       96
   1        151       81      154       54
   1        142      167      162      134
   1        154       95       81      158
   1        159       93      154      166
   1         52      157       59       38
   1        153        7       20       18
   1        151       37       21       14
   1        148       36       29       15
   1        151       81       54       49
   1        146      140      167      141
   1        159      123      167      161
   1         41       29      154       42
   1        159      123      122      167
   1        100      158       71       87
   1        105      159      161      123
   1        130      121      115      159
   1        157      107       86       97
   1        111      118      131      164
   1         55       71      160      158
   1        157       77      101       97
   1         74       52      157       59
   1        157       52      156       38
   1        157       44      150       72
   1         79       84      155       75
   1        160       71       55       61
   1         81       95      154       82
   1        166      121      130      159
   1        130      159      122      167
   1        166       93      154       95
   1        163       86       96       79
   1        164      147      167      165
   1        105      159      123      108
   1        147      167      159      166
   1        149       22       16      156
   1        152       40      155       51
   1        155       85       70       88
   1        161      105      116       90
   1         52       34       43      156
   1        161       67       68       90
   1        118      111      104      164
   1         69      154       82       53
   1        167      166      130      159
   1         94       83      108      159
   1        155       56       64       40
   1        114      133      163      132
   1        144      139      146      167
   1         74      157       77       59
   1        157      107       97      162
   1        164      155      147      165
   1         46      160       61       65
   1        158      152      147      160
   1        159       50      154       58
   1        139      122      141      167
   1        108      122      115      159
   1        147      161      157      150
   1        143      146      145      167
   1        166       93       95      126
   1        100       89      164      117
   1        161      125      113      120
   1        155       70       51       64
   1         34       43      156       28
   1        103      106      165      155
   1        165      106      103      124
   1        160      106       85      155
   1        161       83       68      159
   1        120      161      142      123
   1        151       39       49       24
   1        152      151       24       39
   1        154      161      159      147
   1         96      114      163      102
   1        120      161      105      116
   1        161      157      150       91
   1        142      167      141      123
   1        113      161      120      116
   1         40      156      152      155
   1        107       96      114      163
   1        165      163      127      119
   1        163      102      127      119
   1        152       40       51       33
   1        167      140      145      138
   1        128      135      166      130
   1        150       32       35       17
   1        121      128      166      130
   1         13        6        5      148
   1        154      166      147      159
   1         29       45      154       42
   1        160       89       71       80
   1        132      114      127      163
   1        167      164      165      143
   1        165      103      119      124
   1        144      164      135      166
   1        163       86       79      157
   1         76       78      159       98
   1        149        4        9        1
   1         96       84      163       79
   1         83       76      159       94
   1        156       23       16      149
   1        122      159      130      115
   1         33       30      152       20
   1         99      160      106       85
   1        161      120      105      123
   1        161       73       67       92
   1        111      165      164      131
   1        132      165      163      127
   1         39      152       46       27
   1        153      151       21       14
   1        160       80       71       61
   1        158       81       87       95
   1         94      108      115      159
   1        132      165      127      138
   1         41       67       50      154
   1        100      164      166      117
   1         34       23      156       38
   1        159       50       58       68
   1        159       78      109       98
   1        150      157       72       91
   1        165      136      127      138
   1        147      149      156      153
   1        167      140      142      141
   1         99      111      106      164
   1        164      155      165      106
   1         43       56      156       28
   1        161      157       91      101
   1         22      149       16        9
   1        148        2      149      153
   1         23      156       25      149
   1        150       38      157      156
   1        135      164      144      118
   1        162      107       97      110
   1         73      150       72       91
   1        155      165      163      147
   1        151      148      154      147
   1        150       25      156      149
   1         85      155      106       88
   1         31      148       36      154
   1        150       38      156       25
   1         79      155       60       75
   1         43      157       60       63
   1        147      149      153      148
   1        132      165      138      167
   1        150      157      147      156
   1         59      157       44       38
   1        129      100      166      117
   1         99       89      160       80
   1         32      150       35       57
   1         92      161       91      116
   1        166      100      112      158
   1         50       41      154       42
   1         43      157       63       52
   1        162      132      167      163
   1        162      132      163      133
   1        161      125      162      101
   1        148       31       19        8
   1        125      110      162      101
   1         12        4      149        5
   1        160       89       99      164
   1         58      159       68       76
   1        154       54       82       53
   1         62       78       93      154
   1        118      143      131      164
   1        117      164      166      135
   1        167      164      143      144
   1        112      100      166      129
   1        149       11       16        9
   1        152       33       51       30
   1         48       70       51      152
   1         48       30      152       51
   1        160       39       46       55
   1        155       70       64       88
   1        143      144      146      167
   1        159       50       68       67
   1         89      100      158       71
   1        151      147      152      153
   1        148        2      153        8
   1         33      156      152       40
   1        158       89       71      160
   1        150       12        5       17
   1         22       40       28      156
   1        148       36       15       19
   1         33      156       40       22
   1        158      152      160       39
   1        154      161      147      150
   1        150       13        5      148
   1         55       66       71      158
   1         11        4        9      149
   1         44      150       72       57
   1        149        2      148        5
   1        161      167      142      123
   1        121       98      159      109
   1        150       38       25       44
   1          2      149      153        1
   1        162      107      110      133
   1        149       10        1        9
   1        148       41      154      150
   1        150       41       67       47
   1        149       10        9       22
   1         70      160       65       85
   1        151       37       14       24
   1        144      167      166      130
   1        160       39       55      158
   1        147      163      167      165
   1          8      153        3        2
   1        161       73       92       91
   1        161       73       91      150
   1        154       81       82       54
   1        157       74       97       86
   1         37      151       54       49
   1        158      100      164      166
   1         70      160       85      155
   1        111      165      131      124
   1         18       30      152       27
   1         66       81       87      158
   1        148       41      150       26
   1         43      157       52      156
   1        125      161      113      101
   1         12       25      150      149
   1        161       91      113      101
   1        142      134      162      137
   1        150       25       12       35
   1        164      147      160      158
   1        160       48       65       46
   1        159       93      166      109
   1         33      153       10       20
   1        118      144      143      164
   1        121      109      159      166
   1        160       48       46      152
   1        155      103      106       88
   1        157      147      163      162
   1        114      102      127      163
   1        121      128      109      166
   1        155      147      163      157
   1        147      163      162      167
   1        165      167      145      138
   1        151      158       49       39
   1         89      100      164      158
   1         94       98      159      115
   1         95      166      158      154
   1        125      161      142      120
   1         33      156       22      153
   1        136      165      119      124
   1        136      165      145      138
   1        151      148      147      153
   1         47      150       32       57
   1        167      164      144      166
   1        136      165      124      131
   1        111      165      124      106
   1         73      150       47       57
   1         33      156      153      152
   1        150       32       17       13
   1        157       59       72       77
   1         12       11       25      149
   1        154       36       31       53
   1         67      161       92       90
   1        148        2        8        6
   1        151        8      153       21
   1        153        7       14        3
   1         58      159       76       78
   1        161       83       90       68
   1        159       93      109       78
   1        161       92       90      116
   1        165      143      145      167
   1        132      165      167      163
   1        151        8       21       31
   1        133      110      162      137
   1         36      148       31       19
   1        164      155      106      160
   1        164      155      160      147
   1          4       12      149       11
   1        160       80       61       65
   1        154       69       82       93
   1         98       76       94      159
   1         97      162      101      157
   1        153      151       14       18
   1        157       74       77       97
   1        153        8        3       21
   1        158       66       49       39
   1         43       56       60      156
   1        158      152       39      151
   1         26      150      148       13
   1         18       30       20      152
   1         66       55       39      158
   1         18      151       14       24
   1        153       18       20      152
   1         91      161      113      116
   1          8       19      148        6
   1        150       17        5       13
   1        155       88       75       84
   1         23       11       16      149
   1        164      147      158      166
   1        155       60       75       56
   1        153      151       18      152
   1        158       66       71       87
   1         45       29      154       36
   1         99       85       80      160
   1         89      158      164      160
   1         88      155       75       64
   1         45       62      154       42
   1        166       93      126      109
   1         62       45      154       69
   1        154      158      147      166
   1        157      161      162      101
   1        150      149      148        5
   1         95      158      112       87
   1        154      161      150       67
   1         26      150       32       47
   1          6       15      148       13
   1          2      149        1        4
   1         59      157       72       44
   1        150       44       35       57
   1        162      132      133      134
   1         58      159       78      154
   1         95      166      126      112
   1        128      112      126      166
   1         33      153       22       10
   1        109      128      126      166
   1        161      167      162      142
   1         95      154       82       93
   1         62       58      154       42
   1        110      125      162      137
   1         16       23      156       34
   1        158      100      112       87
   1        118      164      117      135
   1         28       34       16      156
   1        152       48       46       27
   1         99       89      104      164
   1        111       99      104      164
   1         30       48      152       27
   1        159      123      108      122
   1        139      122      167      130
   1        144      139      167      130
   1        153        3        2        1
   1         95      166      112      158
   1        107      133      163      114
   1        146      140      145      167
   1        105      159      108       83
   1        167      140      134      142
   1        157       77       72       91
   1        147      161      159      167
   1        152      156      153      147
   1         25      156       23       38
   1        147      155      156      157
   1        132      140      134      167
   1        136      165      127      119
   1         97      162      110      101
   1        154      161       67      159
   1        125      142      162      137
   1        143      165      131      164
   1        145      143      165      131
   1        162      132      134      167
   1         22       28       16      156
   1        158      152      151      147
   1        153        7        3        1
   1        150       41       47       26
   1        102      103      119      163
   1        151       81       49      158
   1        160       85       80       65
   1        154       45       36       53
   1          7      153       14       18
   1        165      136      145      131
   1         62       78      154       58
   1        149       10       22      153
   1        151        8       31      148
   1         31      151      154       54
   1          3      153       21       14
   1        151        8      148      153
   1        150       38       44      157
   1        103      165      119      163
   1        129      128      135      166
   1         52       34      156       38
   1         31      151       54       37
   1         45      154       69       53
   1         31      151       37       21
   1         76      159       68       83
   1        147      161      167      162
   1        148       41       26       29
   1         81       66       49      158
   1        147      149      148      150
   1        148        2        6        5
   1        134      133      162      137
   1          2      149        4        5
   1        147      150      148      154
   1        157       77       91      101
   1         54      154       31       53
   1         37      151       49       24
   1        151      148       31      154
288
   1            1        2        3
   1            2        1        4
   1            2        4        5
   1            2        5        6
   1            1        3        7
   1            3        2        8
   1            2        6        8
   1            4        1        9
   1            9        1       10
   1            1        7       10
   1            4        9       11
   1            5        4       12
   1            4       11       12
   1            6        5       13
   1            7        3       14
   1            6       13       15
   1           11        9       16
   1           13        5       17
   1            5       12       17
   1            7       14       18
   1            8        6       19
   1            6       15       19
   1           10        7       20
   1            7       18       20
   1           14        3       21
   1            3        8       21
   1           16        9       22
   1            9       10       22
   1           11       16       23
   1           18       14       24
   1           12       11       25
   1           11       23       25
   1           15       13       26
   1           18       24       27
   1           16       22       28
   1           15       26       29
   1           20       18       30
   1           18       27       30
   1           21        8       31
   1            8       19       31
   1           26       13       32
   1           13       17       32
   1           22       10       33
   1           10       20       33
   1           23       16       34
   1           16       28       34
   1           17       12       35
   1           12       25       35
   1           19       15       36
   1           15       29       36
   1           24       14       37
   1           14       21       37
   1           25       23       38
   1           27       24       39
   1           28       22       40
   1           22       33       40
   1           29       26       41
   1           17       35       32
   1           29       41       42
   1           20       30       33
   1           19       36       31
   1           23       34       38
   1           34       28       43
   1           21       31       37
   1           35       25       44
   1           25       38       44
   1           36       29       45
   1           29       42       45
   1           27       39       46
   1           40       56       28
   1           41       26       47
   1           26       32       47
   1           30       27       48
   1           27       46       48
   1           39       24       49
   1           24       37       49
   1           42       41       50
   1           33       30       51
   1           38       34       52
   1           31       36       53
   1           37       31       54
   1           49       37       54
   1           31       53       54
   1           46       39       55
   1           34       43       52
   1           43       28       56
   1           32       35       57
   1           40       33       51
   1           36       45       53
   1           42       50       58
   1           38       52       59
   1           43       56       60
   1           51       30       48
   1           46       55       61
   1           57       35       44
   1           44       38       59
   1           45       42       62
   1           42       58       62
   1           52       43       63
   1           43       60       63
   1           56       40       64
   1           40       51       64
   1           32       57       47
   1           48       46       65
   1           46       61       65
   1           55       39       66
   1           39       49       66
   1           50       41       67
   1           41       47       67
   1           58       50       68
   1           53       45       69
   1           51       48       70
   1           64       51       70
   1           48       65       70
   1           61       55       71
   1           57       44       72
   1           44       59       72
   1           47       57       73
   1           59       52       74
   1           52       63       74
   1           60       56       75
   1           45       62       69
   1           56       64       75
   1           47       73       67
   1           57       72       73
   1           55       66       71
   1           58       68       76
   1           72       59       77
   1           59       74       77
   1           50       67       68
   1           62       58       78
   1           58       76       78
   1           63       60       79
   1           65       61       80
   1           61       71       80
   1           66       49       81
   1           49       54       81
   1           60       75       79
   1           54       53       82
   1           81       54       82
   1           53       69       82
   1           76       68       83
   1           79       75       84
   1           65       80       85
   1           63       79       86
   1           71       66       87
   1           75       64       88
   1           80       71       89
   1           68       67       90
   1           73       72       91
   1           72       77       91
   1           67       73       92
   1           90       67       92
   1           73       91       92
   1           69       62       93
   1           62       78       93
   1           74       63       86
   1           76       83       94
   1           64       70       88
   1           66       81       87
   1           95       87       81
   1           86       79       96
   1           77       74       97
   1           79       84       96
   1           78       76       98
   1           76       94       98
   1           65       85       70
   1           75       88       84
   1           80       89       99
   1           68       90       83
   1           85       80       99
   1           69       93       82
   1           74       86       97
   1           89       71      100
   1           71       87      100
   1           88       70       85
   1           77       97      101
   1           96       84      102
   1           84       88      103
   1           81       82       95
   1           99       89      104
   1           83       90      105
   1           85       99      106
   1           97       86      107
   1           82       93       95
   1           94       83      108
   1           93       78      109
   1           78       98      109
   1           91       77      101
   1          101       97      110
   1           97      107      110
   1           99      104      111
   1           87       95      112
   1           91      101      113
   1           96      102      114
   1           84      103      102
   1           98       94      115
   1           90       92      116
   1          105       90      116
   1           92       91      116
   1           86       96      107
   1           94      108      115
   1          104       89      117
   1           89      100      117
   1           88       85      106
   1           83      105      108
   1          106       99      111
   1          103       88      106
   1          107       96      114
   1          100       87      112
   1          116       91      113
   1          111      104      118
   1          102      103      119
   1          105      116      120
   1          116      113      120
   1          109       98      121
   1           98      115      121
   1          115      108      122
   1          108      105      123
   1          122      108      123
   1          105      120      123
   1          103      106      124
   1          119      103      124
   1          106      111      124
   1          113      101      125
   1          120      113      125
   1          101      110      125
   1           95       93      126
   1           93      109      126
   1          112       95      126
   1          114      102      127
   1          102      119      127
   1          126      109      128
   1          109      121      128
   1          126      128      112
   1          100      112      129
   1          104      117      118
   1          121      115      130
   1          124      111      131
   1          111      118      131
   1          117      100      129
   1          114      127      132
   1          107      114      133
   1          115      122      130
   1          110      107      133
   1          129      112      128
   1          133      114      132
   1          133      132      134
   1          117      129      135
   1          118      117      135
   1          119      124      136
   1          127      119      136
   1          124      131      136
   1          110      133      137
   1          125      110      137
   1          133      134      137
   1          132      127      138
   1          127      136      138
   1          129      128      135
   1          130      122      139
   1          130      139      144
   1          134      132      140
   1          132      138      140
   1          122      123      141
   1          139      122      141
   1          123      120      142
   1          141      123      142
   1          120      125      142
   1          131      118      143
   1          128      121      130
   1          128      130      135
   1          118      135      144
   1          136      131      145
   1          138      136      145
   1          131      143      145
   1          143      118      144
   1          139      141      146
   1          138      145      140
   1          125      137      142
   1          141      142      140
   1          143      144      146
   1          137      134      142
   1          145      143      146
   1          146      144      139
   1          142      134      140
   1          146      141      140
   1          140      145      146
   1          130      144      135
